Init main.js:328
Failed to load resource: net::ERR_FILE_NOT_FOUND file:///media/cryptofs/apps/usr/palm/applications/com.lg.app.signage/cordova_plugins.json
exec: Device.getDeviceInfo cordova.webos.js:822
exec: NetworkStatus.getConnectionInfo cordova.webos.js:822
Start main.js:337
Copy File Start: https://cu-qa.s3.amazonaws.com/tv/content/videos/Retina_Wet_AMD_Medication_Injection.mp4 file://usb:1/media/Retina_Wet_AMD_Medication_Injection.mp4 main.js:368
Success: https://cu-qa.s3.amazonaws.com/tv/content/videos/Retina_Wet_AMD_Medication_Injection.mp4 main.js:374
Copy File Start: https://cu-qa.s3.amazonaws.com/tv/content/videos/fatty-fish-may-help-diabetics-with-eye-risk.mp4 file://usb:1/media/fatty_fish_may_help_diabetics_with_eye_risk.mp4 main.js:368
Success: https://cu-qa.s3.amazonaws.com/tv/content/videos/fatty-fish-may-help-diabetics-with-eye-risk.mp4 main.js:374
Copy File Start: https://cu-qa.s3.amazonaws.com/tv/content/videos/the_best_diet.mp4 file://usb:1/media/the_best_diet.mp4 main.js:368
Success: https://cu-qa.s3.amazonaws.com/tv/content/videos/the_best_diet.mp4 main.js:374
Copy File Start: https://cu-qa.s3.amazonaws.com/tv/content/videos/Alphaeon_Credit.mp4 file://usb:1/media/Alphaeon_Credit.mp4 main.js:368
Success: https://cu-qa.s3.amazonaws.com/tv/content/videos/Alphaeon_Credit.mp4 main.js:374
Copy File Start: https://cu-qa.s3.amazonaws.com/tv/content/videos/Ryan_Corte_-_Toric_Contact_Lenses_for_Astigmatism_-_Are_They_Right_for_You.mp4 file://usb:1/media/Ryan_Corte___Toric_Contact_Lenses_for_Astigmatism___Are_They_Right_for_You.mp4 main.js:368
Success: https://cu-qa.s3.amazonaws.com/tv/content/videos/Ryan_Corte_-_Toric_Contact_Lenses_for_Astigmatism_-_Are_They_Right_for_You.mp4 main.js:374
Copy File Start: https://cu-qa.s3.amazonaws.com/tv/content/videos/Ryan_Corte_-_Scratch_Resistant_Coatings_-_What_Are_The_Real_Benefits.mp4 file://usb:1/media/Ryan_Corte___Scratch_Resistant_Coatings___What_Are_The_Real_Benefits.mp4 main.js:368
Success: https://cu-qa.s3.amazonaws.com/tv/content/videos/Ryan_Corte_-_Scratch_Resistant_Coatings_-_What_Are_The_Real_Benefits.mp4 main.js:374
Copy File Start: https://cu-qa.s3.amazonaws.com/tv/content/videos/Floaters-Flashes-and-Detached-Retina.mp4 file://usb:1/media/Floaters_Flashes_and_Detached_Retina.mp4 main.js:368
Success: https://cu-qa.s3.amazonaws.com/tv/content/videos/Floaters-Flashes-and-Detached-Retina.mp4 main.js:374
Copy File Start: https://cu-qa.s3.amazonaws.com/tv/content/videos/169-03-reaching-goals-with-mindfulness.mp4 file://usb:1/media/169_03_reaching_goals_with_mindfulness.mp4 main.js:368
Success: https://cu-qa.s3.amazonaws.com/tv/content/videos/169-03-reaching-goals-with-mindfulness.mp4 main.js:374
Copy File Start: https://cu-qa.s3.amazonaws.com/tv/content/videos/7_hair_myths.mp4 file://usb:1/media/7_hair_myths.mp4 main.js:368
Success: https://cu-qa.s3.amazonaws.com/tv/content/videos/7_hair_myths.mp4 main.js:374
Copy File Start: https://cu-qa.s3.amazonaws.com/tv/content/videos/IW_New_Daily_Contact_Lenses_for_Astigmat_Market_Vision_Loss.mp4 file://usb:1/media/IW_New_Daily_Contact_Lenses_for_Astigmat_Market_Vision_Loss.mp4 main.js:368
Success: https://cu-qa.s3.amazonaws.com/tv/content/videos/IW_New_Daily_Contact_Lenses_for_Astigmat_Market_Vision_Loss.mp4 main.js:374
Copy File Start: https://cu-qa.s3.amazonaws.com/tv/content/videos/avoid_these-common-exercise-mistakes_equalized.mp4 file://usb:1/media/avoid_these_common_exercise_mistakes_equalized.mp4 main.js:368
Success: https://cu-qa.s3.amazonaws.com/tv/content/videos/avoid_these-common-exercise-mistakes_equalized.mp4 main.js:374
Copy File Start: https://cu-qa.s3.amazonaws.com/tv/content/videos/Who_is_most_at_risk_for_eye_damage_due_to_sun_exposure.mp4 file://usb:1/media/Who_is_most_at_risk_for_eye_damage_due_to_sun_exposure.mp4 main.js:368
Success: https://cu-qa.s3.amazonaws.com/tv/content/videos/Who_is_most_at_risk_for_eye_damage_due_to_sun_exposure.mp4 main.js:374
Copy File Start: https://cu-qa.s3.amazonaws.com/tv/content/videos/three-healthy-trends-to-follow.mp4 file://usb:1/media/three_healthy_trends_to_follow.mp4 main.js:368
Success: https://cu-qa.s3.amazonaws.com/tv/content/videos/three-healthy-trends-to-follow.mp4 main.js:374
Copy File Start: https://cu-qa.s3.amazonaws.com/tv/content/videos/understanding-cataracts.mp4 file://usb:1/media/understanding_cataracts.mp4 main.js:368
Success: https://cu-qa.s3.amazonaws.com/tv/content/videos/understanding-cataracts.mp4 main.js:374
Copy File Start: https://cu-qa.s3.amazonaws.com/tv/content/videos/best-worst-fish-for-your-health.mp4 file://usb:1/media/best_worst_fish_for_your_health.mp4 main.js:368
Success: https://cu-qa.s3.amazonaws.com/tv/content/videos/best-worst-fish-for-your-health.mp4 main.js:374
Copy File Start: https://cu-qa.s3.amazonaws.com/tv/content/videos/Ryan_Corte_-_Macular_Degeneration_-_What_Is_It_and_Are_You_At_Risk.mp4 file://usb:1/media/Ryan_Corte___Macular_Degeneration___What_Is_It_and_Are_You_At_Risk.mp4 main.js:368
Success: https://cu-qa.s3.amazonaws.com/tv/content/videos/Ryan_Corte_-_Macular_Degeneration_-_What_Is_It_and_Are_You_At_Risk.mp4 main.js:374
Copy File Start: https://cu-qa.s3.amazonaws.com/tv/content/videos/diet_trends_062216.mp4 file://usb:1/media/diet_trends_062216.mp4 main.js:368
Success: https://cu-qa.s3.amazonaws.com/tv/content/videos/diet_trends_062216.mp4 main.js:374
Copy File Start: https://cu-qa.s3.amazonaws.com/tv/content/videos/3_Hacks_for_Healthier_Pasta.mp4 file://usb:1/media/3_Hacks_for_Healthier_Pasta.mp4 main.js:368
Error: Object {errorCode: "IO_ERROR", errorText: "/tmp/usb/sda/sda1/procentric/scap/application/cont…edia/3_Hacks_for_Healthier_Pasta.mp4 is not found"} main.js:379
Copy File Start: https://cu-qa.s3.amazonaws.com/tv/content/videos/3_Hacks_for_Healthier_Pasta.mp4 file://usb:1/media/3_Hacks_for_Healthier_Pasta.mp4 main.js:368
Success: https://cu-qa.s3.amazonaws.com/tv/content/videos/3_Hacks_for_Healthier_Pasta.mp4 main.js:374
Copy File Start: https://cu-qa.s3.amazonaws.com/tv/content/videos/tips-for-looking-younger.mp4 file://usb:1/media/tips_for_looking_younger.mp4 main.js:368
Success: https://cu-qa.s3.amazonaws.com/tv/content/videos/tips-for-looking-younger.mp4 main.js:374
Copy File Start: https://cu-qa.s3.amazonaws.com/tv/content/videos/Can_Exercise_Improve_Your_Love_Life.mp4 file://usb:1/media/Can_Exercise_Improve_Your_Love_Life.mp4 main.js:368
Error: Object {errorCode: "IO_ERROR", errorText: "/tmp/usb/sda/sda1/procentric/scap/application/cont…_Exercise_Improve_Your_Love_Life.mp4 is not found"} main.js:379
Copy File Start: https://cu-qa.s3.amazonaws.com/tv/content/videos/Can_Exercise_Improve_Your_Love_Life.mp4 file://usb:1/media/Can_Exercise_Improve_Your_Love_Life.mp4 main.js:368
Error: Object {errorCode: "IO_ERROR", errorText: "/tmp/usb/sda/sda1/procentric/scap/application/cont…_Exercise_Improve_Your_Love_Life.mp4 is not found"} main.js:379
Copy File Start: https://cu-qa.s3.amazonaws.com/tv/content/videos/Can_Exercise_Improve_Your_Love_Life.mp4 file://usb:1/media/Can_Exercise_Improve_Your_Love_Life.mp4 main.js:368
Error: Object {errorCode: "IO_ERROR", errorText: "/tmp/usb/sda/sda1/procentric/scap/application/cont…_Exercise_Improve_Your_Love_Life.mp4 is not found"} main.js:379
Copy File Start: https://cu-qa.s3.amazonaws.com/tv/content/videos/Can_Exercise_Improve_Your_Love_Life.mp4 file://usb:1/media/Can_Exercise_Improve_Your_Love_Life.mp4 main.js:368
Success: https://cu-qa.s3.amazonaws.com/tv/content/videos/Can_Exercise_Improve_Your_Love_Life.mp4 main.js:374
Copy File Start: https://cu-qa.s3.amazonaws.com/tv/content/videos/AAO_6.mp4 file://usb:1/media/AAO_6.mp4 main.js:368
Success: https://cu-qa.s3.amazonaws.com/tv/content/videos/AAO_6.mp4 main.js:374
Copy File Start: https://cu-qa.s3.amazonaws.com/tv/content/videos/Eye_Sight_081916.mp4 file://usb:1/media/Eye_Sight_081916.mp4 main.js:368
Success: https://cu-qa.s3.amazonaws.com/tv/content/videos/Eye_Sight_081916.mp4 main.js:374
Copy File Start: https://cu-qa.s3.amazonaws.com/tv/content/videos/selecting-glasses-at-your-optometrist.mp4 file://usb:1/media/selecting_glasses_at_your_optometrist.mp4 main.js:368
Success: https://cu-qa.s3.amazonaws.com/tv/content/videos/selecting-glasses-at-your-optometrist.mp4 main.js:374
Copy File Start: https://cu-qa.s3.amazonaws.com/tv/content/videos/Ryan_Corte_-_Diabetic_Retinopathy_-_What_Is_It_and_Are_You_At_Risk.mp4 file://usb:1/media/Ryan_Corte___Diabetic_Retinopathy___What_Is_It_and_Are_You_At_Risk.mp4 main.js:368
Success: https://cu-qa.s3.amazonaws.com/tv/content/videos/Ryan_Corte_-_Diabetic_Retinopathy_-_What_Is_It_and_Are_You_At_Risk.mp4 main.js:374
Copy File Start: https://cu-qa.s3.amazonaws.com/tv/content/videos/expressing_gratitude_linked_to_better_health.mp4 file://usb:1/media/expressing_gratitude_linked_to_better_health.mp4 main.js:368
Success: https://cu-qa.s3.amazonaws.com/tv/content/videos/expressing_gratitude_linked_to_better_health.mp4 main.js:374
Copy File Start: https://cu-qa.s3.amazonaws.com/tv/content/videos/healthy_recipes_swaps.mp4 file://usb:1/media/healthy_recipes_swaps.mp4 main.js:368
Success: https://cu-qa.s3.amazonaws.com/tv/content/videos/healthy_recipes_swaps.mp4 main.js:374
Copy File Start: https://cu-qa.s3.amazonaws.com/tv/content/videos/how-are-cataracts-treated.mp4 file://usb:1/media/how_are_cataracts_treated.mp4 main.js:368
Success: https://cu-qa.s3.amazonaws.com/tv/content/videos/how-are-cataracts-treated.mp4 main.js:374
Copy File Start: https://cu-qa.s3.amazonaws.com/tv/content/videos/vegan_energy_loaf_wild_dish.mp4 file://usb:1/media/vegan_energy_loaf_wild_dish.mp4 main.js:368
Success: https://cu-qa.s3.amazonaws.com/tv/content/videos/vegan_energy_loaf_wild_dish.mp4 main.js:374
Copy File Start: https://cu-qa.s3.amazonaws.com/tv/content/videos/What_are_the_treatments_for_eye_damage_due_to_sun_exposure.mp4 file://usb:1/media/What_are_the_treatments_for_eye_damage_due_to_sun_exposure.mp4 main.js:368
Success: https://cu-qa.s3.amazonaws.com/tv/content/videos/What_are_the_treatments_for_eye_damage_due_to_sun_exposure.mp4 main.js:374
Copy File Start: https://cu-qa.s3.amazonaws.com/tv/content/videos/Introwellness_1.mp4 file://usb:1/media/Introwellness_1.mp4 main.js:368
Success: https://cu-qa.s3.amazonaws.com/tv/content/videos/Introwellness_1.mp4 main.js:374
Copy File Start: https://cu-qa.s3.amazonaws.com/tv/content/videos/roasted_squash_pomegranate_salad_wild_dish.mp4 file://usb:1/media/roasted_squash_pomegranate_salad_wild_dish.mp4 main.js:368
Success: https://cu-qa.s3.amazonaws.com/tv/content/videos/roasted_squash_pomegranate_salad_wild_dish.mp4 main.js:374
Copy File Start: https://cu-qa.s3.amazonaws.com/tv/content/videos/Natural_Ways_to_Prevent_Flu_Season.mp4 file://usb:1/media/Natural_Ways_to_Prevent_Flu_Season.mp4 main.js:368
Success: https://cu-qa.s3.amazonaws.com/tv/content/videos/Natural_Ways_to_Prevent_Flu_Season.mp4 main.js:374
Copy File Start: https://cu-qa.s3.amazonaws.com/tv/content/videos/AAO_5.mp4 file://usb:1/media/AAO_5.mp4 main.js:368
Error: Object {errorCode: "IO_ERROR", errorText: "/tmp/usb/sda/sda1/procentric/scap/application/content//media/AAO_5.mp4 is not found"} main.js:379
Copy File Start: https://cu-qa.s3.amazonaws.com/tv/content/videos/AAO_5.mp4 file://usb:1/media/AAO_5.mp4 main.js:368
Success: https://cu-qa.s3.amazonaws.com/tv/content/videos/AAO_5.mp4 main.js:374
Copy File Start: https://cu-qa.s3.amazonaws.com/tv/content/videos/Ryan_Corte_-_Live_The_Good_Light_in_Style_with_Transitions_Lenses.mp4 file://usb:1/media/Ryan_Corte___Live_The_Good_Light_in_Style_with_Transitions_Lenses.mp4 main.js:368
Success: https://cu-qa.s3.amazonaws.com/tv/content/videos/Ryan_Corte_-_Live_The_Good_Light_in_Style_with_Transitions_Lenses.mp4 main.js:374
Copy File Start: https://cu-qa.s3.amazonaws.com/tv/content/videos/Health_and_Wellness_2.mp4 file://usb:1/media/Health_and_Wellness_2.mp4 main.js:368
Success: https://cu-qa.s3.amazonaws.com/tv/content/videos/Health_and_Wellness_2.mp4 main.js:374
Copy File Start: https://cu-qa.s3.amazonaws.com/tv/content/videos/vision_problems_062416.mp4 file://usb:1/media/vision_problems_062416.mp4 main.js:368
Success: https://cu-qa.s3.amazonaws.com/tv/content/videos/vision_problems_062416.mp4 main.js:374
Copy File Start: https://cu-qa.s3.amazonaws.com/tv/content/videos/Retina_Torn_Cryopexy.mp4 file://usb:1/media/Retina_Torn_Cryopexy.mp4 main.js:368
Success: https://cu-qa.s3.amazonaws.com/tv/content/videos/Retina_Torn_Cryopexy.mp4 main.js:374
Copy File Start: https://cu-qa.s3.amazonaws.com/tv/content/videos/5_foods_to_fight_aging_skin.mp4 file://usb:1/media/5_foods_to_fight_aging_skin.mp4 main.js:368
Error: Object {errorCode: -1, errorText: "Message status unknown."} main.js:379
Copy File Start: https://cu-qa.s3.amazonaws.com/tv/content/videos/Never_Microwave_These_Foods.mp4 file://usb:1/media/Never_Microwave_These_Foods.mp4 main.js:368
Error: Object {errorCode: "DEVICE_ERROR", errorText: "Failed to get USB device"} main.js:379
:((( main.js:390
reboot main.js:414